<?xml version="1.0" encoding="UTF-8"?>
<testng-results ignored="0" total="1" passed="1" failed="0" skipped="0">
  <reporter-output>
  </reporter-output>
  <suite started-at="2023-06-01T17:39:14 IST" name="Suite" finished-at="2023-06-01T17:39:27 IST" duration-ms="13251">
    <groups>
    </groups>
    <test started-at="2023-06-01T17:39:14 IST" name="Test" finished-at="2023-06-01T17:39:27 IST" duration-ms="13251">
      <class name="testFile.TestClass">
        <test-method is-config="true" signature="browserLaungh()[pri:0, instance:testFile.TestClass@55182842]" started-at="2023-06-01T17:39:14 IST" name="browserLaungh" finished-at="2023-06-01T17:39:26 IST" duration-ms="12117" status="PASS">
          <reporter-output>
          </reporter-output>
        </test-method> <!-- browserLaungh -->
        <test-method signature="TestLoginForm()[pri:0, instance:testFile.TestClass@55182842]" started-at="2023-06-01T17:39:26 IST" name="TestLoginForm" finished-at="2023-06-01T17:39:27 IST" duration-ms="1063" status="PASS">
          <reporter-output>
          </reporter-output>
        </test-method> <!-- TestLoginForm -->
      </class> <!-- testFile.TestClass -->
    </test> <!-- Test -->
  </suite> <!-- Suite -->
</testng-results>
